<?xml version="1.0" encoding="UTF-8"?>
<!-- Generated by org.testng.reporters.JUnitReportReporter -->
<testsuite hostname="MD1FT00C" name="tests.NewTest" tests="1" failures="0" timestamp="30 Jul 2019 10:34:15 GMT" time="5.378" errors="0">
  <testcase name="openMyBlog" time="5.378" classname="tests.NewTest"/>
</testsuite> <!-- tests.NewTest -->
